Running semver / sanity
Initialized empty Git repository in /private/var/folders/vp/p4d6nc0d7bnctv6j0lgr3ky40000gp/T/sbt_6c5b0244/sanity/.git/
[0m[[0minfo[0m] [0mGetting org.scala-sbt sbt 0.13.13 ...[0m
[0m[[0minfo[0m] [0m:: retrieving :: org.scala-sbt#boot-app[0m
[0m[[0minfo[0m] [0m	confs: [default][0m
[0m[[0minfo[0m] [0m	50 artifacts copied, 0 already retrieved (17645kB/65ms)[0m
[0m[[0minfo[0m] [0mGetting Scala 2.10.6 (for sbt)...[0m
[0m[[0minfo[0m] [0m:: retrieving :: org.scala-sbt#boot-scala[0m
[0m[[0minfo[0m] [0m	confs: [default][0m
[0m[[0minfo[0m] [0m	5 artifacts copied, 0 already retrieved (24494kB/49ms)[0m
[0m[[0minfo[0m] [0m[0m[[0minfo[0m] [0mLoading project definition from /private/var/folders/vp/p4d6nc0d7bnctv6j0lgr3ky40000gp/T/sbt_6c5b0244/sanity/project[0m[0m
[0m[[0minfo[0m] [0m[0m[[0minfo[0m] [0mUpdating {file:/private/var/folders/vp/p4d6nc0d7bnctv6j0lgr3ky40000gp/T/sbt_6c5b0244/sanity/project/}sanity-build...[0m[0m
[0m[[0minfo[0m] [0m[0m[[0minfo[0m] [0mResolving com.rallyhealth#rally-versioning;1.0.0-m1-4-bd0d236-dirty-SNAPSHOT ...[0m[0m
[0m[[0minfo[0m] [0m[A[0m
[0m[[0minfo[0m] [0m[2K[0m[[0minfo[0m] [0mResolving com.rallyhealth#rally-versioning;1.0.0-m1-4-bd0d236-dirty-SNAPSHOT ...[0m[0m
[0m[[0minfo[0m] [0m[A[0m
[0m[[0minfo[0m] [0m[2K[0m[[0minfo[0m] [0mResolving com.typesafe#sbt-mima-plugin;0.1.9 ...[0m[0m
[0m[[0minfo[0m] [0m[A[0m
[0m[[0minfo[0m] [0m[2K[0m[[0minfo[0m] [0mResolving com.typesafe#mima-reporter_2.10;0.1.9 ...[0m[0m
[0m[[0minfo[0m] [0m[A[0m
[0m[[0minfo[0m] [0m[2K[0m[[0minfo[0m] [0mResolving org.scala-lang#scala-library;2.10.6 ...[0m[0m
[0m[[0minfo[0m] [0m[A[0m
[0m[[0minfo[0m] [0m[2K[0m[[0minfo[0m] [0mResolving com.typesafe#mima-core_2.10;0.1.9 ...[0m[0m
[0m[[0minfo[0m] [0m[A[0m
[0m[[0minfo[0m] [0m[2K[0m[[0minfo[0m] [0mResolving org.scala-lang#scala-compiler;2.10.6 ...[0m[0m
[0m[[0minfo[0m] [0m[A[0m
[0m[[0minfo[0m] [0m[2K[0m[[0minfo[0m] [0mResolving org.scala-lang#scala-reflect;2.10.6 ...[0m[0m
[0m[[0minfo[0m] [0m[A[0m
[0m[[0minfo[0m] [0m[2K[0m[[0minfo[0m] [0mResolving com.typesafe#config;1.0.0 ...[0m[0m
[0m[[0minfo[0m] [0m[A[0m
[0m[[0minfo[0m] [0m[2K[0m[[0minfo[0m] [0mResolving org.scala-sbt#scripted-sbt;0.13.13 ...[0m[0m
[0m[[0minfo[0m] [0m[A[0m
[0m[[0minfo[0m] [0m[2K[0m[[0minfo[0m] [0mResolving org.scala-sbt#io;0.13.13 ...[0m[0m
[0m[[0minfo[0m] [0m[A[0m
[0m[[0minfo[0m] [0m[2K[0m[[0minfo[0m] [0mResolving org.scala-sbt#control;0.13.13 ...[0m[0m
[0m[[0minfo[0m] [0m[A[0m
[0m[[0minfo[0m] [0m[2K[0m[[0minfo[0m] [0mResolving org.scala-sbt#logging;0.13.13 ...[0m[0m
[0m[[0minfo[0m] [0m[A[0m
[0m[[0minfo[0m] [0m[2K[0m[[0minfo[0m] [0mResolving org.scala-sbt#interface;0.13.13 ...[0m[0m
[0m[[0minfo[0m] [0m[A[0m
[0m[[0minfo[0m] [0m[2K[0m[[0minfo[0m] [0mResolving org.scala-sbt#process;0.13.13 ...[0m[0m
[0m[[0minfo[0m] [0m[A[0m
[0m[[0minfo[0m] [0m[2K[0m[[0minfo[0m] [0mResolving jline#jline;2.13 ...[0m[0m
[0m[[0minfo[0m] [0m[A[0m
[0m[[0minfo[0m] [0m[2K[0m[[0minfo[0m] [0mResolving org.fusesource.jansi#jansi;1.11 ...[0m[0m
[0m[[0minfo[0m] [0m[A[0m
[0m[[0minfo[0m] [0m[2K[0m[[0minfo[0m] [0mResolving org.scala-sbt#scripted-framework;0.13.13 ...[0m[0m
[0m[[0minfo[0m] [0m[A[0m
[0m[[0minfo[0m] [0m[2K[0m[[0minfo[0m] [0mResolving org.scala-sbt#scripted-plugin;0.13.13 ...[0m[0m
[0m[[0minfo[0m] [0m[A[0m
[0m[[0minfo[0m] [0m[2K[0m[[0minfo[0m] [0mResolving org.scala-sbt#sbt;0.13.13 ...[0m[0m
[0m[[0minfo[0m] [0m[A[0m
[0m[[0minfo[0m] [0m[2K[0m[[0minfo[0m] [0mResolving org.scala-sbt#main;0.13.13 ...[0m[0m
[0m[[0minfo[0m] [0m[A[0m
[0m[[0minfo[0m] [0m[2K[0m[[0minfo[0m] [0mResolving org.scala-sbt#actions;0.13.13 ...[0m[0m
[0m[[0minfo[0m] [0m[A[0m
[0m[[0minfo[0m] [0m[2K[0m[[0minfo[0m] [0mResolving org.scala-sbt#classpath;0.13.13 ...[0m[0m
[0m[[0minfo[0m] [0m[A[0m
[0m[[0minfo[0m] [0m[2K[0m[[0minfo[0m] [0mResolving org.scala-sbt#launcher-interface;1.0.0-M1 ...[0m[0m
[0m[[0minfo[0m] [0m[A[0m
[0m[[0minfo[0m] [0m[2K[0m[[0minfo[0m] [0mResolving org.scala-sbt#completion;0.13.13 ...[0m[0m
[0m[[0minfo[0m] [0m[A[0m
[0m[[0minfo[0m] [0m[2K[0m[[0minfo[0m] [0mResolving org.scala-sbt#collections;0.13.13 ...[0m[0m
[0m[[0minfo[0m] [0m[A[0m
[0m[[0minfo[0m] [0m[2K[0m[[0minfo[0m] [0mResolving org.scala-sbt#api;0.13.13 ...[0m[0m
[0m[[0minfo[0m] [0m[A[0m
[0m[[0minfo[0m] [0m[2K[0m[[0minfo[0m] [0mResolving org.scala-sbt#classfile;0.13.13 ...[0m[0m
[0m[[0minfo[0m] [0m[A[0m
[0m[[0minfo[0m] [0m[2K[0m[[0minfo[0m] [0mResolving org.scala-sbt#compiler-integration;0.13.13 ...[0m[0m
[0m[[0minfo[0m] [0m[A[0m
[0m[[0minfo[0m] [0m[2K[0m[[0minfo[0m] [0mResolving org.scala-sbt#incremental-compiler;0.13.13 ...[0m[0m
[0m[[0minfo[0m] [0m[A[0m
[0m[[0minfo[0m] [0m[2K[0m[[0minfo[0m] [0mResolving org.scala-sbt#relation;0.13.13 ...[0m[0m
[0m[[0minfo[0m] [0m[A[0m
[0m[[0minfo[0m] [0m[2K[0m[[0minfo[0m] [0mResolving org.scala-sbt#compile;0.13.13 ...[0m[0m
[0m[[0minfo[0m] [0m[A[0m
[0m[[0minfo[0m] [0m[2K[0m[[0minfo[0m] [0mResolving org.scala-sbt#persist;0.13.13 ...[0m[0m
[0m[[0minfo[0m] [0m[A[0m
[0m[[0minfo[0m] [0m[2K[0m[[0minfo[0m] [0mResolving org.scala-tools.sbinary#sbinary_2.10;0.4.2 ...[0m[0m
[0m[[0minfo[0m] [0m[A[0m
[0m[[0minfo[0m] [0m[2K[0m[[0minfo[0m] [0mResolving org.scala-sbt#compiler-ivy-integration;0.13.13 ...[0m[0m
[0m[[0minfo[0m] [0m[A[0m
[0m[[0minfo[0m] [0m[2K[0m[[0minfo[0m] [0mResolving org.scala-sbt#ivy;0.13.13 ...[0m[0m
[0m[[0minfo[0m] [0m[A[0m
[0m[[0minfo[0m] [0m[2K[0m[[0minfo[0m] [0mResolving org.scala-sbt#cross;0.13.13 ...[0m[0m
[0m[[0minfo[0m] [0m[A[0m
[0m[[0minfo[0m] [0m[2K[0m[[0minfo[0m] [0mResolving org.scala-sbt.ivy#ivy;2.3.0-sbt-2cf13e211b2cb31f0d3b317289dca70eca3362f6 ...[0m[0m
[0m[[0minfo[0m] [0m[A[0m
[0m[[0minfo[0m] [0m[2K[0m[[0minfo[0m] [0mResolving com.jcraft#jsch;0.1.50 ...[0m[0m
[0m[[0minfo[0m] [0m[A[0m
[0m[[0minfo[0m] [0m[2K[0m[[0minfo[0m] [0mResolving org.scala-sbt#serialization_2.10;0.1.2 ...[0m[0m
[0m[[0minfo[0m] [0m[A[0m
[0m[[0minfo[0m] [0m[2K[0m[[0minfo[0m] [0mResolving org.scala-lang.modules#scala-pickling_2.10;0.10.1 ...[0m[0m
[0m[[0minfo[0m] [0m[A[0m
[0m[[0minfo[0m] [0m[2K[0m[[0minfo[0m] [0mResolving org.scalamacros#quasiquotes_2.10;2.0.1 ...[0m[0m
[0m[[0minfo[0m] [0m[A[0m
[0m[[0minfo[0m] [0m[2K[0m[[0minfo[0m] [0mResolving org.json4s#json4s-core_2.10;3.2.10 ...[0m[0m
[0m[[0minfo[0m] [0m[A[0m
[0m[[0minfo[0m] [0m[2K[0m[[0minfo[0m] [0mResolving org.json4s#json4s-ast_2.10;3.2.10 ...[0m[0m
[0m[[0minfo[0m] [0m[A[0m
[0m[[0minfo[0m] [0m[2K[0m[[0minfo[0m] [0mResolving com.thoughtworks.paranamer#paranamer;2.6 ...[0m[0m
[0m[[0minfo[0m] [0m[A[0m
[0m[[0minfo[0m] [0m[2K[0m[[0minfo[0m] [0mResolving org.spire-math#jawn-parser_2.10;0.6.0 ...[0m[0m
[0m[[0minfo[0m] [0m[A[0m
[0m[[0minfo[0m] [0m[2K[0m[[0minfo[0m] [0mResolving org.spire-math#json4s-support_2.10;0.6.0 ...[0m[0m
[0m[[0minfo[0m] [0m[A[0m
[0m[[0minfo[0m] [0m[2K[0m[[0minfo[0m] [0mResolving org.scala-sbt#run;0.13.13 ...[0m[0m
[0m[[0minfo[0m] [0m[A[0m
[0m[[0minfo[0m] [0m[2K[0m[[0minfo[0m] [0mResolving org.scala-sbt#task-system;0.13.13 ...[0m[0m
[0m[[0minfo[0m] [0m[A[0m
[0m[[0minfo[0m] [0m[2K[0m[[0minfo[0m] [0mResolving org.scala-sbt#tasks;0.13.13 ...[0m[0m
[0m[[0minfo[0m] [0m[A[0m
[0m[[0minfo[0m] [0m[2K[0m[[0minfo[0m] [0mResolving org.scala-sbt#tracking;0.13.13 ...[0m[0m
[0m[[0minfo[0m] [0m[A[0m
[0m[[0minfo[0m] [0m[2K[0m[[0minfo[0m] [0mResolving org.scala-sbt#cache;0.13.13 ...[0m[0m
[0m[[0minfo[0m] [0m[A[0m
[0m[[0minfo[0m] [0m[2K[0m[[0minfo[0m] [0mResolving org.scala-sbt#testing;0.13.13 ...[0m[0m
[0m[[0minfo[0m] [0m[A[0m
[0m[[0minfo[0m] [0m[2K[0m[[0minfo[0m] [0mResolving org.scala-sbt#test-agent;0.13.13 ...[0m[0m
[0m[[0minfo[0m] [0m[A[0m
[0m[[0minfo[0m] [0m[2K[0m[[0minfo[0m] [0mResolving org.scala-sbt#test-interface;1.0 ...[0m[0m
[0m[[0minfo[0m] [0m[A[0m
[0m[[0minfo[0m] [0m[2K[0m[[0minfo[0m] [0mResolving org.scala-sbt#main-settings;0.13.13 ...[0m[0m
[0m[[0minfo[0m] [0m[A[0m
[0m[[0minfo[0m] [0m[2K[0m[[0minfo[0m] [0mResolving org.scala-sbt#apply-macro;0.13.13 ...[0m[0m
[0m[[0minfo[0m] [0m[A[0m
[0m[[0minfo[0m] [0m[2K[0m[[0minfo[0m] [0mResolving org.scala-sbt#command;0.13.13 ...[0m[0m
[0m[[0minfo[0m] [0m[A[0m
[0m[[0minfo[0m] [0m[2K[0m[[0minfo[0m] [0mResolving org.scala-sbt#template-resolver;0.1 ...[0m[0m
[0m[[0minfo[0m] [0m[A[0m
[0m[[0minfo[0m] [0m[2K[0m[[0minfo[0m] [0mResolving org.scala-sbt#logic;0.13.13 ...[0m[0m
[0m[[0minfo[0m] [0m[A[0m
[0m[[0minfo[0m] [0m[2K[0m[[0minfo[0m] [0mResolving org.scala-sbt#compiler-interface;0.13.13 ...[0m[0m
[0m[[0minfo[0m] [0m[A[0m
[0m[[0minfo[0m] [0m[2K[0m[[0minfo[0m] [0mResolving org.scala-lang#jline;2.10.6 ...[0m[0m
[0m[[0minfo[0m] [0m[A[0m
[0m[[0minfo[0m] [0m[2K[0m[[0minfo[0m] [0mResolving org.fusesource.jansi#jansi;1.4 ...[0m[0m
[0m[[0minfo[0m] [0m[0m[[0minfo[0m] [0mDone updating.[0m[0m
[0m[[0minfo[0m] [0m[0m[[0minfo[0m] [0mSkipping fetching tags from git remotes; to enable, set the system property version.autoFetch=true[0m[0m
[0m[[0minfo[0m] [0m[ScriptedUtils] sideChannelFile: /private/var/folders/vp/p4d6nc0d7bnctv6j0lgr3ky40000gp/T/sbt_6c5b0244/sanity/scriptedOutput-1480303571457.link.txt[0m
[0m[[0minfo[0m] [0m[ScriptedUtils] bufferedFile: /var/folders/vp/p4d6nc0d7bnctv6j0lgr3ky40000gp/T/scriptedOutput-2194719900698081813.log.txt[0m
[0m[[0minfo[0m] [0m[0m[[0minfo[0m] [0mRallyVersioningPlugin set versionFromGit=0.0.1[0m[0m
[0m[[0minfo[0m] [0m[0m[[0minfo[0m] [0mRallyVersioningPlugin set version=0.0.1[0m[0m
[0m[[0minfo[0m] [0m[0m[[0minfo[0m] [0mRallyVersioningPlugin set isCleanRelease=true[0m[0m
[0m[[0minfo[0m] [0m[0m[[0minfo[0m] [0mSet current project to sanity (in build file:/private/var/folders/vp/p4d6nc0d7bnctv6j0lgr3ky40000gp/T/sbt_6c5b0244/sanity/)[0m[0m
[0m[[0minfo[0m] [0m[0m[[0minfo[0m] [0m[ScriptedUtils] Starting load_plugin ----------------------------[0m[0m
[0m[[0minfo[0m] [0m[0m[[32msuccess[0m] [0mTotal time: 0 s, completed Nov 27, 2016 10:26:22 PM[0m[0m
[0m[[0minfo[0m] [0mIn file:/private/var/folders/vp/p4d6nc0d7bnctv6j0lgr3ky40000gp/T/sbt_6c5b0244/sanity/[0m
[0m[[0minfo[0m] [0m	sbt.plugins.IvyPlugin: enabled in sanity[0m
[0m[[0minfo[0m] [0m	sbt.plugins.JvmPlugin: enabled in sanity[0m
[0m[[0minfo[0m] [0m	sbt.plugins.CorePlugin: enabled in sanity[0m
[0m[[0minfo[0m] [0m	sbt.plugins.JUnitXmlReportPlugin: enabled in sanity[0m
[0m[[0minfo[0m] [0m	sbt.plugins.Giter8TemplatePlugin: enabled in sanity[0m
[0m[[0minfo[0m] [0m	com.rallyhealth.semver.SemVerPlugin: enabled in sanity[0m
[0m[[0minfo[0m] [0m	com.rallyhealth.versioning.RallyVersioningPlugin: enabled in sanity[0m
[0m[[0minfo[0m] [0m	com.typesafe.tools.mima.plugin.MimaPlugin: enabled in sanity[0m
[0m[[0minfo[0m] [0m[0m[[32msuccess[0m] [0mTotal time: 0 s, completed Nov 27, 2016 10:26:22 PM[0m[0m
[0m[[0minfo[0m] [0m[0m[[32msuccess[0m] [0mTotal time: 0 s, completed Nov 27, 2016 10:26:22 PM[0m[0m
[0m[[0minfo[0m] [0m[0m[[0minfo[0m] [0m[ScriptedUtils] Starting compile_with_unset_limit ----------------------------[0m[0m
[0m[[0minfo[0m] [0m[0m[[32msuccess[0m] [0mTotal time: 0 s, completed Nov 27, 2016 10:26:22 PM[0m[0m
[0m[[0minfo[0m] [0m[0m[[0minfo[0m] [0mUpdating {file:/private/var/folders/vp/p4d6nc0d7bnctv6j0lgr3ky40000gp/T/sbt_6c5b0244/sanity/}sanity...[0m[0m
[0m[[0minfo[0m] [0m[0m[[0minfo[0m] [0mResolving org.scala-lang#scala-library;2.11.8 ...[0m[0m
[0m[[0minfo[0m] [0m[A[0m
[0m[[0minfo[0m] [0m[2K[0m[[0minfo[0m] [0mResolving com.rallyhealth#rally-versioning;1.0.0-m1-4-bd0d236-dirty-SNAPSHOT ...[0m[0m
[0m[[0minfo[0m] [0m[A[0m
[0m[[0minfo[0m] [0m[2K[0m[[0minfo[0m] [0mResolving com.rallyhealth#rally-versioning;1.0.0-m1-4-bd0d236-dirty-SNAPSHOT ...[0m[0m
[0m[[0minfo[0m] [0m[0m[[33mwarn[0m] [0m	module not found: com.rallyhealth#rally-versioning;1.0.0-m1-4-bd0d236-dirty-SNAPSHOT[0m[0m
[0m[[0minfo[0m] [0m[0m[[33mwarn[0m] [0m==== local: tried[0m[0m
[0m[[0minfo[0m] [0m[0m[[33mwarn[0m] [0m  /Users/patrick.bohan/.ivy2/local/com.rallyhealth/rally-versioning/1.0.0-m1-4-bd0d236-dirty-SNAPSHOT/ivys/ivy.xml[0m[0m
[0m[[0minfo[0m] [0m[0m[[33mwarn[0m] [0m==== public: tried[0m[0m
[0m[[0minfo[0m] [0m[0m[[33mwarn[0m] [0m  https://repo1.maven.org/maven2/com/rallyhealth/rally-versioning/1.0.0-m1-4-bd0d236-dirty-SNAPSHOT/rally-versioning-1.0.0-m1-4-bd0d236-dirty-SNAPSHOT.pom[0m[0m
[0m[[0minfo[0m] [0m[0m[[0minfo[0m] [0mResolving org.scala-lang#scala-compiler;2.11.8 ...[0m[0m
[0m[[0minfo[0m] [0m[A[0m
[0m[[0minfo[0m] [0m[2K[0m[[0minfo[0m] [0mResolving org.scala-lang#scala-reflect;2.11.8 ...[0m[0m
[0m[[0minfo[0m] [0m[A[0m
[0m[[0minfo[0m] [0m[2K[0m[[0minfo[0m] [0mResolving org.scala-lang.modules#scala-xml_2.11;1.0.4 ...[0m[0m
[0m[[0minfo[0m] [0m[A[0m
[0m[[0minfo[0m] [0m[2K[0m[[0minfo[0m] [0mResolving org.scala-lang.modules#scala-parser-combinators_2.11;1.0.4 ...[0m[0m
[0m[[0minfo[0m] [0m[A[0m
[0m[[0minfo[0m] [0m[2K[0m[[0minfo[0m] [0mResolving jline#jline;2.12.1 ...[0m[0m
[0m[[0minfo[0m] [0m[0m[[33mwarn[0m] [0m	::::::::::::::::::::::::::::::::::::::::::::::[0m[0m
[0m[[0minfo[0m] [0m[0m[[33mwarn[0m] [0m	::          UNRESOLVED DEPENDENCIES         ::[0m[0m
[0m[[0minfo[0m] [0m[0m[[33mwarn[0m] [0m	::::::::::::::::::::::::::::::::::::::::::::::[0m[0m
[0m[[0minfo[0m] [0m[0m[[33mwarn[0m] [0m	:: com.rallyhealth#rally-versioning;1.0.0-m1-4-bd0d236-dirty-SNAPSHOT: not found[0m[0m
[0m[[0minfo[0m] [0m[0m[[33mwarn[0m] [0m	::::::::::::::::::::::::::::::::::::::::::::::[0m[0m
[0m[[0minfo[0m] [0m[0m[[33mwarn[0m] [0m[0m[0m
[0m[[0minfo[0m] [0m[0m[[33mwarn[0m] [0m	Note: Unresolved dependencies path:[0m[0m
[0m[[0minfo[0m] [0m[0m[[33mwarn[0m] [0m		com.rallyhealth:rally-versioning:1.0.0-m1-4-bd0d236-dirty-SNAPSHOT (/private/var/folders/vp/p4d6nc0d7bnctv6j0lgr3ky40000gp/T/sbt_6c5b0244/sanity/build.sbt#L14-15)[0m[0m
[0m[[0minfo[0m] [0m[0m[[33mwarn[0m] [0m		  +- com.rallyhealth.test.scripted:sanity_2.11:0.0.1[0m[0m
[0m[[0minfo[0m] [0mjava.lang.IllegalArgumentException: 'semVerVersionLimit' is not set in your 'build.sbt': 'semVerVersionLimit' is a threshold version, it is a version you do NOT want to exceed with these changes. If non-empty the `semVerCheck` will ensure that your changes do not require a release EQUAL or GREATER than this version. (no default value)[0m
[0m[[0minfo[0m] [0m	at com.rallyhealth.semver.SemVerPlugin$$anonfun$projectSettings$6.apply(SemVerPlugin.scala:82)[0m
[0m[[0minfo[0m] [0m	at com.rallyhealth.semver.SemVerPlugin$$anonfun$projectSettings$6.apply(SemVerPlugin.scala:81)[0m
[0m[[0minfo[0m] [0m	at sbt.std.Transform$$anon$3$$anonfun$apply$2.apply(System.scala:44)[0m
[0m[[0minfo[0m] [0m	at sbt.std.Transform$$anon$3$$anonfun$apply$2.apply(System.scala:44)[0m
[0m[[0minfo[0m] [0m	at sbt.std.Transform$$anon$4.work(System.scala:63)[0m
[0m[[0minfo[0m] [0m	at sbt.Execute$$anonfun$submit$1$$anonfun$apply$1.apply(Execute.scala:228)[0m
[0m[[0minfo[0m] [0m	at sbt.Execute$$anonfun$submit$1$$anonfun$apply$1.apply(Execute.scala:228)[0m
[0m[[0minfo[0m] [0m	at sbt.ErrorHandling$.wideConvert(ErrorHandling.scala:17)[0m
[0m[[0minfo[0m] [0m	at sbt.Execute.work(Execute.scala:237)[0m
[0m[[0minfo[0m] [0m	at sbt.Execute$$anonfun$submit$1.apply(Execute.scala:228)[0m
[0m[[0minfo[0m] [0m	at sbt.Execute$$anonfun$submit$1.apply(Execute.scala:228)[0m
[0m[[0minfo[0m] [0m	at sbt.ConcurrentRestrictions$$anon$4$$anonfun$1.apply(ConcurrentRestrictions.scala:159)[0m
[0m[[0minfo[0m] [0m	at sbt.CompletionService$$anon$2.call(CompletionService.scala:28)[0m
[0m[[0minfo[0m] [0m	at java.util.concurrent.FutureTask.run(FutureTask.java:266)[0m
[0m[[0minfo[0m] [0m	at java.util.concurrent.Executors$RunnableAdapter.call(Executors.java:511)[0m
[0m[[0minfo[0m] [0m	at java.util.concurrent.FutureTask.run(FutureTask.java:266)[0m
[0m[[0minfo[0m] [0m	at java.util.concurrent.ThreadPoolExecutor.runWorker(ThreadPoolExecutor.java:1142)[0m
[0m[[0minfo[0m] [0m	at java.util.concurrent.ThreadPoolExecutor$Worker.run(ThreadPoolExecutor.java:617)[0m
[0m[[0minfo[0m] [0m	at java.lang.Thread.run(Thread.java:745)[0m
[0m[[0minfo[0m] [0msbt.ResolveException: unresolved dependency: com.rallyhealth#rally-versioning;1.0.0-m1-4-bd0d236-dirty-SNAPSHOT: not found[0m
[0m[[0minfo[0m] [0m	at sbt.IvyActions$.sbt$IvyActions$$resolve(IvyActions.scala:313)[0m
[0m[[0minfo[0m] [0m	at sbt.IvyActions$$anonfun$updateEither$1.apply(IvyActions.scala:191)[0m
[0m[[0minfo[0m] [0m	at sbt.IvyActions$$anonfun$updateEither$1.apply(IvyActions.scala:168)[0m
[0m[[0minfo[0m] [0m	at sbt.IvySbt$Module$$anonfun$withModule$1.apply(Ivy.scala:156)[0m
[0m[[0minfo[0m] [0m	at sbt.IvySbt$Module$$anonfun$withModule$1.apply(Ivy.scala:156)[0m
[0m[[0minfo[0m] [0m	at sbt.IvySbt$$anonfun$withIvy$1.apply(Ivy.scala:133)[0m
[0m[[0minfo[0m] [0m	at sbt.IvySbt.sbt$IvySbt$$action$1(Ivy.scala:57)[0m
[0m[[0minfo[0m] [0m	at sbt.IvySbt$$anon$4.call(Ivy.scala:65)[0m
[0m[[0minfo[0m] [0m	at xsbt.boot.Locks$GlobalLock.withChannel$1(Locks.scala:93)[0m
[0m[[0minfo[0m] [0m	at xsbt.boot.Locks$GlobalLock.xsbt$boot$Locks$GlobalLock$$withChannelRetries$1(Locks.scala:78)[0m
[0m[[0minfo[0m] [0m	at xsbt.boot.Locks$GlobalLock$$anonfun$withFileLock$1.apply(Locks.scala:97)[0m
[0m[[0minfo[0m] [0m	at xsbt.boot.Using$.withResource(Using.scala:10)[0m
[0m[[0minfo[0m] [0m	at xsbt.boot.Using$.apply(Using.scala:9)[0m
[0m[[0minfo[0m] [0m	at xsbt.boot.Locks$GlobalLock.ignoringDeadlockAvoided(Locks.scala:58)[0m
[0m[[0minfo[0m] [0m	at xsbt.boot.Locks$GlobalLock.withLock(Locks.scala:48)[0m
[0m[[0minfo[0m] [0m	at xsbt.boot.Locks$.apply0(Locks.scala:31)[0m
[0m[[0minfo[0m] [0m	at xsbt.boot.Locks$.apply(Locks.scala:28)[0m
[0m[[0minfo[0m] [0m	at sbt.IvySbt.withDefaultLogger(Ivy.scala:65)[0m
[0m[[0minfo[0m] [0m	at sbt.IvySbt.withIvy(Ivy.scala:128)[0m
[0m[[0minfo[0m] [0m	at sbt.IvySbt.withIvy(Ivy.scala:125)[0m
[0m[[0minfo[0m] [0m	at sbt.IvySbt$Module.withModule(Ivy.scala:156)[0m
[0m[[0minfo[0m] [0m	at sbt.IvyActions$.updateEither(IvyActions.scala:168)[0m
[0m[[0minfo[0m] [0m	at sbt.Classpaths$$anonfun$sbt$Classpaths$$work$1$1.apply(Defaults.scala:1481)[0m
[0m[[0minfo[0m] [0m	at sbt.Classpaths$$anonfun$sbt$Classpaths$$work$1$1.apply(Defaults.scala:1477)[0m
[0m[[0minfo[0m] [0m	at sbt.Classpaths$$anonfun$doWork$1$1$$anonfun$121.apply(Defaults.scala:1512)[0m
[0m[[0minfo[0m] [0m	at sbt.Classpaths$$anonfun$doWork$1$1$$anonfun$121.apply(Defaults.scala:1510)[0m
[0m[[0minfo[0m] [0m	at sbt.Tracked$$anonfun$lastOutput$1.apply(Tracked.scala:37)[0m
[0m[[0minfo[0m] [0m	at sbt.Classpaths$$anonfun$doWork$1$1.apply(Defaults.scala:1515)[0m
[0m[[0minfo[0m] [0m	at sbt.Classpaths$$anonfun$doWork$1$1.apply(Defaults.scala:1509)[0m
[0m[[0minfo[0m] [0m	at sbt.Tracked$$anonfun$inputChanged$1.apply(Tracked.scala:60)[0m
[0m[[0minfo[0m] [0m	at sbt.Classpaths$.cachedUpdate(Defaults.scala:1532)[0m
[0m[[0minfo[0m] [0m	at sbt.Classpaths$$anonfun$updateTask$1.apply(Defaults.scala:1459)[0m
[0m[[0minfo[0m] [0m	at sbt.Classpaths$$anonfun$updateTask$1.apply(Defaults.scala:1411)[0m
[0m[[0minfo[0m] [0m	at scala.Function1$$anonfun$compose$1.apply(Function1.scala:47)[0m
[0m[[0minfo[0m] [0m	at sbt.$tilde$greater$$anonfun$$u2219$1.apply(TypeFunctions.scala:40)[0m
[0m[[0minfo[0m] [0m	at sbt.std.Transform$$anon$4.work(System.scala:63)[0m
[0m[[0minfo[0m] [0m	at sbt.Execute$$anonfun$submit$1$$anonfun$apply$1.apply(Execute.scala:228)[0m
[0m[[0minfo[0m] [0m	at sbt.Execute$$anonfun$submit$1$$anonfun$apply$1.apply(Execute.scala:228)[0m
[0m[[0minfo[0m] [0m	at sbt.ErrorHandling$.wideConvert(ErrorHandling.scala:17)[0m
[0m[[0minfo[0m] [0m	at sbt.Execute.work(Execute.scala:237)[0m
[0m[[0minfo[0m] [0m	at sbt.Execute$$anonfun$submit$1.apply(Execute.scala:228)[0m
[0m[[0minfo[0m] [0m	at sbt.Execute$$anonfun$submit$1.apply(Execute.scala:228)[0m
[0m[[0minfo[0m] [0m	at sbt.ConcurrentRestrictions$$anon$4$$anonfun$1.apply(ConcurrentRestrictions.scala:159)[0m
[0m[[0minfo[0m] [0m	at sbt.CompletionService$$anon$2.call(CompletionService.scala:28)[0m
[0m[[0minfo[0m] [0m	at java.util.concurrent.FutureTask.run(FutureTask.java:266)[0m
[0m[[0minfo[0m] [0m	at java.util.concurrent.Executors$RunnableAdapter.call(Executors.java:511)[0m
[0m[[0minfo[0m] [0m	at java.util.concurrent.FutureTask.run(FutureTask.java:266)[0m
[0m[[0minfo[0m] [0m	at java.util.concurrent.ThreadPoolExecutor.runWorker(ThreadPoolExecutor.java:1142)[0m
[0m[[0minfo[0m] [0m	at java.util.concurrent.ThreadPoolExecutor$Worker.run(ThreadPoolExecutor.java:617)[0m
[0m[[0minfo[0m] [0m	at java.lang.Thread.run(Thread.java:745)[0m
[0m[[0minfo[0m] [0m[0m[[31merror[0m] [0m({.}/*:[31msemVerVersionLimit[0m) java.lang.IllegalArgumentException: 'semVerVersionLimit' is not set in your 'build.sbt': 'semVerVersionLimit' is a threshold version, it is a version you do NOT want to exceed with these changes. If non-empty the `semVerCheck` will ensure that your changes do not require a release EQUAL or GREATER than this version. (no default value)[0m[0m
[0m[[0minfo[0m] [0m[0m[[31merror[0m] [0m(*:[31mupdate[0m) sbt.ResolveException: unresolved dependency: com.rallyhealth#rally-versioning;1.0.0-m1-4-bd0d236-dirty-SNAPSHOT: not found[0m[0m
[0m[[0minfo[0m] [0m[0m[[31merror[0m] [0mTotal time: 0 s, completed Nov 27, 2016 10:26:23 PM[0m[0m
[0m[[0minfo[0m] [0mjava.lang.AssertionError: assertion failed: Could not find '[error]' in log:[0m
[0m[[0minfo[0m] [0m    [250/259] [info] at sbt.Execute.work(Execute.scala:237)[0m
[0m[[0minfo[0m] [0m    [251/259] [info] at sbt.Execute$$anonfun$submit$1.apply(Execute.scala:228)[0m
[0m[[0minfo[0m] [0m    [252/259] [info] at sbt.Execute$$anonfun$submit$1.apply(Execute.scala:228)[0m
[0m[[0minfo[0m] [0m    [253/259] [info] at sbt.ConcurrentRestrictions$$anon$4$$anonfun$1.apply(ConcurrentRestrictions.scala:159)[0m
[0m[[0minfo[0m] [0m    [254/259] [info] at sbt.CompletionService$$anon$2.call(CompletionService.scala:28)[0m
[0m[[0minfo[0m] [0m    [255/259] [info] at java.util.concurrent.FutureTask.run(FutureTask.java:266)[0m
[0m[[0minfo[0m] [0m    [256/259] [info] at java.util.concurrent.Executors$RunnableAdapter.call(Executors.java:511)[0m
[0m[[0minfo[0m] [0m    [257/259] [info] at java.util.concurrent.FutureTask.run(FutureTask.java:266)[0m
[0m[[0minfo[0m] [0m    [258/259] [[0m
[0m[[0minfo[0m] [0m    [259/259] info[0m
[0m[[0minfo[0m] [0m	at scala.Predef$.assert(Predef.scala:179)[0m
[0m[[0minfo[0m] [0m	at com.rallyhealth.scripted.ScriptedUtils$.searchLog(ScriptedUtils.scala:103)[0m
[0m[[0minfo[0m] [0m	at $a6563814b963c12c1cf4$$anonfun$$sbtdef$1$$anonfun$apply$1$$anonfun$apply$2.apply(/private/var/folders/vp/p4d6nc0d7bnctv6j0lgr3ky40000gp/T/sbt_6c5b0244/sanity/build.sbt:40)[0m
[0m[[0minfo[0m] [0m	at $a6563814b963c12c1cf4$$anonfun$$sbtdef$1$$anonfun$apply$1$$anonfun$apply$2.apply(/private/var/folders/vp/p4d6nc0d7bnctv6j0lgr3ky40000gp/T/sbt_6c5b0244/sanity/build.sbt:37)[0m
[0m[[0minfo[0m] [0m	at scala.Function1$$anonfun$compose$1.apply(Function1.scala:47)[0m
[0m[[0minfo[0m] [0m	at sbt.$tilde$greater$$anonfun$$u2219$1.apply(TypeFunctions.scala:40)[0m
[0m[[0minfo[0m] [0m	at sbt.std.Transform$$anon$4.work(System.scala:63)[0m
[0m[[0minfo[0m] [0m	at sbt.Execute$$anonfun$submit$1$$anonfun$apply$1.apply(Execute.scala:228)[0m
[0m[[0minfo[0m] [0m	at sbt.Execute$$anonfun$submit$1$$anonfun$apply$1.apply(Execute.scala:228)[0m
[0m[[0minfo[0m] [0m	at sbt.ErrorHandling$.wideConvert(ErrorHandling.scala:17)[0m
[0m[[0minfo[0m] [0m	at sbt.Execute.work(Execute.scala:237)[0m
[0m[[0minfo[0m] [0m	at sbt.Execute$$anonfun$submit$1.apply(Execute.scala:228)[0m
[0m[[0minfo[0m] [0m	at sbt.Execute$$anonfun$submit$1.apply(Execute.scala:228)[0m
[0m[[0minfo[0m] [0m	at sbt.ConcurrentRestrictions$$anon$4$$anonfun$1.apply(ConcurrentRestrictions.scala:159)[0m
[0m[[0minfo[0m] [0m	at sbt.CompletionService$$anon$2.call(CompletionService.scala:28)[0m
[0m[[0minfo[0m] [0m	at java.util.concurrent.FutureTask.run(FutureTask.java:266)[0m
[0m[[0minfo[0m] [0m	at java.util.concurrent.Executors$RunnableAdapter.call(Executors.java:511)[0m
[0m[[0minfo[0m] [0m	at java.util.concurrent.FutureTask.run(FutureTask.java:266)[0m
[0m[[0minfo[0m] [0m	at java.util.concurrent.ThreadPoolExecutor.runWorker(ThreadPoolExecutor.java:1142)[0m
[0m[[0minfo[0m] [0m	at java.util.concurrent.ThreadPoolExecutor$Worker.run(ThreadPoolExecutor.java:617)[0m
[0m[[0minfo[0m] [0m	at java.lang.Thread.run(Thread.java:745)[0m
[0m[[0minfo[0m] [0m[0m[[31merror[0m] [0m(*:[31msearchLog[0m) java.lang.AssertionError: assertion failed: Could not find '[error]' in log:[0m[0m
[0m[[0minfo[0m] [0m[0m[[31merror[0m] [0m    [250/259] [info] at sbt.Execute.work(Execute.scala:237)[0m[0m
[0m[[0minfo[0m] [0m[0m[[31merror[0m] [0m    [251/259] [info] at sbt.Execute$$anonfun$submit$1.apply(Execute.scala:228)[0m[0m
[0m[[0minfo[0m] [0m[0m[[31merror[0m] [0m    [252/259] [info] at sbt.Execute$$anonfun$submit$1.apply(Execute.scala:228)[0m[0m
[0m[[0minfo[0m] [0m[0m[[31merror[0m] [0m    [253/259] [info] at sbt.ConcurrentRestrictions$$anon$4$$anonfun$1.apply(ConcurrentRestrictions.scala:159)[0m[0m
[0m[[0minfo[0m] [0m[0m[[31merror[0m] [0m    [254/259] [info] at sbt.CompletionService$$anon$2.call(CompletionService.scala:28)[0m[0m
[0m[[0minfo[0m] [0m[0m[[31merror[0m] [0m    [255/259] [info] at java.util.concurrent.FutureTask.run(FutureTask.java:266)[0m[0m
[0m[[0minfo[0m] [0m[0m[[31merror[0m] [0m    [256/259] [info] at java.util.concurrent.Executors$RunnableAdapter.call(Executors.java:511)[0m[0m
[0m[[0minfo[0m] [0m[0m[[31merror[0m] [0m    [257/259] [info] at java.util.concurrent.FutureTask.run(FutureTask.java:266)[0m[0m
[0m[[0minfo[0m] [0m[0m[[31merror[0m] [0m    [258/259] [[0m[0m
[0m[[0minfo[0m] [0m[0m[[31merror[0m] [0m    [259/259] info[0m[0m
[0m[[0minfo[0m] [0m[0m[[31merror[0m] [0mTotal time: 0 s, completed Nov 27, 2016 10:26:23 PM[0m[0m
[0m[[31merror[0m] [0mx semver / sanity[0m
[0m[[31merror[0m] [0m   {line 11}  Command failed: searchLog failed[0m
[48;5;26m[38;5;235m SBT [49m[39m[48;5;214m[38;5;26mî‚°[49m[39m[48;5;214m[38;5;235m î‚  addScriptedRallyVersioningTest_code2 [49m[39m[48;5;235m[38;5;214mî‚°[49m[39m[48;5;235m[38;5;250m rally-versioning [49m[39m[49m[38;5;235mî‚°[49m[39m[49m[39m [49m[39m[[Kscripted semver/sanity[22D[K
